<?xml version="1.0" encoding="UTF-8"?>
<testng-results skipped="0" failed="0" ignored="0" total="2" passed="2">
  <reporter-output>
  </reporter-output>
  <suite name="Default suite" duration-ms="5558" started-at="2019-12-27T10:36:02Z" finished-at="2019-12-27T10:36:08Z">
    <groups>
    </groups>
    <test name="Default test" duration-ms="5558" started-at="2019-12-27T10:36:02Z" finished-at="2019-12-27T10:36:08Z">
      <class name="TestCase6">
        <test-method status="PASS" signature="beforeClass()[pri:0, instance:TestCase6@5f375618]" name="beforeClass" is-config="true" duration-ms="4005" started-at="2019-12-27T16:06:02Z" finished-at="2019-12-27T16:06:06Z">
          <reporter-output>
          </reporter-output>
        </test-method> <!-- beforeClass -->
        <test-method status="PASS" signature="Test()[pri:1, instance:TestCase6@5f375618]" name="Test" duration-ms="751" started-at="2019-12-27T16:06:06Z" finished-at="2019-12-27T16:06:07Z">
          <reporter-output>
          </reporter-output>
        </test-method> <!-- Test -->
        <test-method status="PASS" signature="personal()[pri:2, instance:TestCase6@5f375618]" name="personal" duration-ms="40" started-at="2019-12-27T16:06:07Z" finished-at="2019-12-27T16:06:07Z">
          <reporter-output>
          </reporter-output>
        </test-method> <!-- personal -->
        <test-method status="PASS" signature="afterClass()[pri:0, instance:TestCase6@5f375618]" name="afterClass" is-config="true" duration-ms="735" started-at="2019-12-27T16:06:07Z" finished-at="2019-12-27T16:06:08Z">
          <reporter-output>
          </reporter-output>
        </test-method> <!-- afterClass -->
      </class> <!-- TestCase6 -->
    </test> <!-- Default test -->
  </suite> <!-- Default suite -->
</testng-results>
